<?xml version="1.0" encoding="utf-8"?><testsuites name="pytest tests"><testsuite name="pytest" errors="0" failures="0" skipped="0" tests="15" time="14.854" timestamp="2026-09-12T06:34:22.703715+00:00" hostname="agent-env-ea97efa8-b613-4687-b50b-9179f0c1bec1"><testcase classname="tests.test_api_e2e" name="test_health" time="0.131" /><testcase classname="tests.test_api_e2e" name="test_auth_me" time="0.363" /><testcase classname="tests.test_api_e2e" name="test_project_crud" time="0.160" /><testcase classname="tests.test_api_e2e" name="test_scan_full_flow" time="2.616" /><testcase classname="tests.test_api_e2e" name="test_scan_stop_action" time="0.664" /><testcase classname="tests.test_api_e2e" name="test_dashboard_summary" time="0.079" /><testcase classname="tests.test_auth_scan_e2e" name="test_create_profile_masks_cookie_value" time="0.446" /><testcase classname="tests.test_auth_scan_e2e" name="test_profile_test_valid" time="0.174" /><testcase classname="tests.test_auth_scan_e2e" name="test_profile_test_invalid" time="0.145" /><testcase classname="tests.test_auth_scan_e2e" name="test_profile_test_out_of_scope" time="0.288" /><testcase classname="tests.test_auth_scan_e2e" name="test_authenticated_scan_reaches_dashboard" time="1.337" /><testcase classname="tests.test_auth_scan_e2e" name="test_invalid_profile_scan_marks_auth_required" time="2.300" /><testcase classname="tests.test_auth_scan_e2e" name="test_findings_evidence_redacted" time="2.412" /><testcase classname="tests.test_auth_scan_e2e" name="test_logout_not_crawled" time="1.359" /><testcase classname="tests.test_auth_scan_e2e" name="test_scan_stats_auth_status" time="2.319" /></testsuite></testsuites>