<?xml version="1.0" encoding="utf-8"?><testsuites name="pytest tests"><testsuite name="pytest" errors="0" failures="5" skipped="0" tests="9" time="10.199" timestamp="2026-09-12T06:29:59.561549+00:00" hostname="agent-env-ea97efa8-b613-4687-b50b-9179f0c1bec1"><testcase classname="tests.test_auth_scan_e2e" name="test_create_profile_masks_cookie_value" time="0.657" /><testcase classname="tests.test_auth_scan_e2e" name="test_profile_test_valid" time="0.308"><failure message="AssertionError: {&quot;detail&quot;:[{&quot;type&quot;:&quot;missing&quot;,&quot;loc&quot;:[&quot;body&quot;],&quot;msg&quot;:&quot;Field required&quot;,&quot;input&quot;:null,&quot;url&quot;:&quot;https://errors.pydantic.dev/2.13/v/missing&quot;}]}&#10;assert 422 == 200&#10; +  where 422 = &lt;Response [422]&gt;.status_code">tests/test_auth_scan_e2e.py:69: in test_profile_test_valid
    assert rt.status_code == 200, rt.text
E   AssertionError: {"detail":[{"type":"missing","loc":["body"],"msg":"Field required","input":null,"url":"https://errors.pydantic.dev/2.13/v/missing"}]}
E   assert 422 == 200
E    +  where 422 = &lt;Response [422]&gt;.status_code</failure></testcase><testcase classname="tests.test_auth_scan_e2e" name="test_profile_test_invalid" time="0.147"><failure message="AssertionError: {&quot;detail&quot;:[{&quot;type&quot;:&quot;missing&quot;,&quot;loc&quot;:[&quot;body&quot;],&quot;msg&quot;:&quot;Field required&quot;,&quot;input&quot;:null,&quot;url&quot;:&quot;https://errors.pydantic.dev/2.13/v/missing&quot;}]}&#10;assert 422 == 200&#10; +  where 422 = &lt;Response [422]&gt;.status_code">tests/test_auth_scan_e2e.py:79: in test_profile_test_invalid
    assert rt.status_code == 200, rt.text
E   AssertionError: {"detail":[{"type":"missing","loc":["body"],"msg":"Field required","input":null,"url":"https://errors.pydantic.dev/2.13/v/missing"}]}
E   assert 422 == 200
E    +  where 422 = &lt;Response [422]&gt;.status_code</failure></testcase><testcase classname="tests.test_auth_scan_e2e" name="test_profile_test_out_of_scope" time="0.154"><failure message="AssertionError: {&quot;detail&quot;:[{&quot;type&quot;:&quot;missing&quot;,&quot;loc&quot;:[&quot;body&quot;],&quot;msg&quot;:&quot;Field required&quot;,&quot;input&quot;:null,&quot;url&quot;:&quot;https://errors.pydantic.dev/2.13/v/missing&quot;}]}&#10;assert 422 == 200&#10; +  where 422 = &lt;Response [422]&gt;.status_code">tests/test_auth_scan_e2e.py:91: in test_profile_test_out_of_scope
    assert rt.status_code == 200, rt.text
E   AssertionError: {"detail":[{"type":"missing","loc":["body"],"msg":"Field required","input":null,"url":"https://errors.pydantic.dev/2.13/v/missing"}]}
E   assert 422 == 200
E    +  where 422 = &lt;Response [422]&gt;.status_code</failure></testcase><testcase classname="tests.test_auth_scan_e2e" name="test_authenticated_scan_reaches_dashboard" time="1.325"><failure message="AssertionError: No auth-endpoint findings: &#10;assert ('/dashboard/search' in '' or '/dashboard/profile' in '')">tests/test_auth_scan_e2e.py:126: in test_authenticated_scan_reaches_dashboard
    assert ("/dashboard/search" in urls) or ("/dashboard/profile" in urls), f"No auth-endpoint findings: {urls[:500]}"
E   AssertionError: No auth-endpoint findings: 
E   assert ('/dashboard/search' in '' or '/dashboard/profile' in '')</failure></testcase><testcase classname="tests.test_auth_scan_e2e" name="test_invalid_profile_scan_marks_auth_required" time="1.301"><failure message="AssertionError: {'id': '70623685-41ab-460e-96a5-d65a48174702', 'project_id': '0c7d5c69-15d4-448e-9691-62fa634788b0', 'auth_profile_id': '259224cd-61eb-4e51-a899-1e343a75d58b', 'target_url': 'http://localhost:5000/dashboard', ...}&#10;assert 'COMPLETED' == 'AUTHENTICATION_REQUIRED'&#10;  &#10;  - AUTHENTICATION_REQUIRED&#10;  + COMPLETED">tests/test_auth_scan_e2e.py:134: in test_invalid_profile_scan_marks_auth_required
    assert final.get("status") == "AUTHENTICATION_REQUIRED", final
E   AssertionError: {'id': '70623685-41ab-460e-96a5-d65a48174702', 'project_id': '0c7d5c69-15d4-448e-9691-62fa634788b0', 'auth_profile_id': '259224cd-61eb-4e51-a899-1e343a75d58b', 'target_url': 'http://localhost:5000/dashboard', ...}
E   assert 'COMPLETED' == 'AUTHENTICATION_REQUIRED'
E     
E     - AUTHENTICATION_REQUIRED
E     + COMPLETED</failure></testcase><testcase classname="tests.test_auth_scan_e2e" name="test_findings_evidence_redacted" time="2.481" /><testcase classname="tests.test_auth_scan_e2e" name="test_logout_not_crawled" time="2.474" /><testcase classname="tests.test_auth_scan_e2e" name="test_scan_stats_auth_status" time="1.256" /></testsuite></testsuites>