<?xml version="1.0" encoding="utf-8"?><testsuites name="pytest tests"><testsuite name="pytest" errors="0" failures="0" skipped="0" tests="20" time="0.184" timestamp="2026-09-12T06:04:30.425943+00:00" hostname="agent-env-ea97efa8-b613-4687-b50b-9179f0c1bec1"><testcase classname="test_scanner_core" name="test_scope_allowed_domain" time="0.000" /><testcase classname="test_scanner_core" name="test_scope_disallowed_domain" time="0.000" /><testcase classname="test_scanner_core" name="test_scope_wildcard_domain" time="0.000" /><testcase classname="test_scanner_core" name="test_scope_excluded_path" time="0.000" /><testcase classname="test_scanner_core" name="test_scope_redirect_outside" time="0.000" /><testcase classname="test_scanner_core" name="test_normalize_drops_fragment" time="0.000" /><testcase classname="test_scanner_core" name="test_normalize_sorts_query" time="0.000" /><testcase classname="test_scanner_core" name="test_normalize_case" time="0.000" /><testcase classname="test_scanner_core" name="test_extract_get_params" time="0.000" /><testcase classname="test_scanner_core" name="test_extract_links_and_forms" time="0.001" /><testcase classname="test_scanner_core" name="test_html_reflection" time="0.000" /><testcase classname="test_scanner_core" name="test_attribute_reflection" time="0.000" /><testcase classname="test_scanner_core" name="test_javascript_reflection" time="0.000" /><testcase classname="test_scanner_core" name="test_encoded_reflection" time="0.000" /><testcase classname="test_scanner_core" name="test_non_reflection" time="0.000" /><testcase classname="test_scanner_core" name="test_classify_potential" time="0.000" /><testcase classname="test_scanner_core" name="test_classify_safely_encoded" time="0.000" /><testcase classname="test_scanner_core" name="test_classify_validated" time="0.000" /><testcase classname="test_scanner_core" name="test_classify_false_positive" time="0.000" /><testcase classname="test_scanner_core" name="test_scan_states_are_documented" time="0.136" /></testsuite></testsuites>